logback-spring.xmllogback-spring.xmllogback-spring.xmllogback-spring.xmllogback-spring.xmllogback-spring.xmllogback-spring.xmllogback-spring.xmllogback-spring.xmllogback-spring.xmllogback-spring.xmllogback-spring.xmllogback-spring.xmllogback-spring.xmllogback-spring.xmllogback-spring.xmllogback-spring.xmllogback-spring.xmllogback-spring.xmllogback-spring.xmllogback-spring.xmllogback-spring.xmllogback-spring.xmllogback-spring.xmllogback-spring.xmllogback-spring.xmllogback-spring.xmllogback-spring.xmllogback-spring.xmllogback-spring.xmllogback-spring.xmllogback-spring.xmllogback-spring.xmllogback-spring.xmllogback-spring.xmllogback-spring.xmllogback-spring.xmllogback-spring.xmllogback-spring.xmllogback-spring.xmllogback-spring.xmllogback-spring.xmllogback-spring.xmllogback-spring.xmllogback-spring.xmllogback-spring.xmllogback-spring.xmllogback-spring.xmllogback-spring.xmllogback-spring.xmllogback-spring.xmllogback-spring.xmllogback-spring.xmllogback-spring.xmllogback-spring.xmllogback-spring.xmllogback-spring.xmllogback-spring.xmllogback-spring.xmllogback-spring.xmllogback-spring.xmllogback-spring.xmllogback-spring.xmllogback-spring.xmllogback-spring.xmllogback-spring.xmllogback-spring.xmllogback-spring.xmllogback-spring.xmllogback-spring.xmllogback-spring.xmllogback-spring.xmllogback-spring.xmllogback-spring.xmllogback-spring.xmllogback-spring.xmllogback-spring.xmllogback-spring.xmllogback-spring.xmllogback-spring.xmllogback-spring.xmllogback-spring.xmllogback-spring.xmllogback-spring.xmllogback-spring.xmllogback-spring.xmllogback-spring.xmllogback-spring.xmllogback-spring.xmllogback-spring.xmllogback-spring.xmllogback-spring.xmllogback-spring.xmllogback-spring.xmllogback-spring.xmllogback-spring.xmllogback-spring.xmllogback-spring.xmllogback-spring.xmllogback-spring.xmllogback-spring.xmllogback-spring.xmllogback-spring.xmllogback-spring.xmllogback-spring.xmllogback-spring.xmllogback-spring.xmllogback-spring.xmllogback-spring.xmllogback-spring.xmllogback-spring.xmllogback-spring.xmllogback-spring.xmllogback-spring.xmllogback-spring.xmllogback-spring.xmllogback-spring.xmllogback-spring.xmllogback-spring.xmllogback-spring.xmllogback-spring.xmllogback-spring.xmllogback-spring.xmllogback-spring.xmllogback-spring.xmllogback-spring.xmllogback-spring.xmllogback-spring.xmllogback-spring.xmllogback-spring.xmllogback-spring.xmllogback-spring.xmllogback-spring.xmllogback-spring.xmllogback-spring.xmllogback-spring.xmllogback-spring.xmllogback-spring.xmllogback-spring.xmllogback-spring.xmllogback-spring.xmllogback-spring.xmllogback-spring.xmllogback-spring.xmllogback-spring.xmllogback-spring.xmllogback-spring.xmllogback-spring.xmllogback-spring.xmllogback-spring.xmllogback-spring.xmllogback-spring.xmllogback-spring.xmllogback-spring.xmllogback-spring.xmllogback-spring.xmllogback-spring.xmllogback-spring.xmllogback-spring.xmllogback-spring.xmllogback-spring.xmllogback-spring.xmllogback-spring.xmllogback-spring.xmllogback-spring.xmllogback-spring.xmllogback-spring.xmllogback-spring.xmllogback-spring.xmllogback-spring.xmllogback-spring.xmllogback-spring.xmllogback-spring.xmllogback-spring.xmllogback-spring.xmllogback-spring.xmllogback-spring.xmllogback-spring.xmllogback-spring.xmllogback-spring.xmllogback-spring.xmllogback-spring.xmllogback-spring.xmllogback-spring.xmllogback-spring.xmllogback-spring.xmllogback-spring.xmllogback-spring.xmllogback-spring.xmllogback-spring.xmllogback-spring.xmllogback-spring.xmllogback-spring.xmllogback-spring.xmllogback-spring.xmllogback-spring.xmllogback-spring.xmllogback-spring.xmllogback-spring.xmllogback-spring.xmllogback-spring.xmllogback-spring.xmllogback-spring.xmllogback-spring.xmllogback-spring.xmllogback-spring.xmllogback-spring.xmllogback-spring.xmllogback-spring.xmllogback-spring.xmllogback-spring.xmllogback-spring.xmllogback-spring.xmllogback-spring.xmllogback-spring.xmllogback-spring.xmllogback-spring.xmllogback-spring.xmllogback-spring.xmllogback-spring.xmllogback-spring.xmllogback-spring.xmllogback-spring.xmllogback-spring.xmllogback-spring.xmllogback-spring.xmllogback-spring.xmllogback-spring.xmllogback-spring.xmllogback-spring.xmllogback-spring.xmllogback-spring.xmllogback-spring.xmllogback-spring.xmllogback-spring.xmllogback-spring.xmllogback-spring.xmllogback-spring.xmllogback-spring.xmllogback-spring.xmllogback-spring.xmllogback-spring.xmllogback-spring.xmllogback-spring.xmllogback-spring.xmllogback-spring.xmllogback-spring.xmllogback-spring.xmllogback-spring.xmllogback-spring.xmllogback-spring.xmllogback-spring.xmllogback-spring.xmllogback-spring.xmllogback-spring.xmllogback-spring.xmllogback-spring.xmllogback-spring.xmllogback-spring.xmllogback-spring.xmllogback-spring.xmllogback-spring.xmllogback-spring.xmllogback-spring.xmllogback-spring.xmllogback-spring.xmllogback-spring.xmllogback-spring.xmllogback-spring.xmllogback-spring.xmllogback-spring.xmllogback-spring.xmllogback-spring.xmllogback-spring.xmllogback-spring.xmllogback-spring.xmllogback-spring.xmllogback-spring.xmllogback-spring.xmllogback-spring.xmllogback-spring.xmllogback-spring.xmllogback-spring.xmllogback-spring.xmllogback-spring.xmllogback-spring.xmllogback-spring.xmllogback-spring.xmllogback-spring.xmllogback-spring.xmllogback-spring.xmllogback-spring.xmllogback-spring.xmllogback-spring.xmllogback-spring.xmllogback-spring.xmllogback-spring.xmllogback-spring.xmllogback-spring.xmllogback-spring.xmllogback-spring.xmllogback-spring.xmllogback-spring.xmllogback-spring.xmllogback-spring.xmllogback-spring.xmllogback-spring.xmllogback-spring.xmllogback-spring.xmllogback-spring.xmllogback-spring.xmllogback-spring.xmllogback-spring.xmllogback-spring.xmllogback-spring.xmllogback-spring.xmllogback-spring.xmllogback-spring.xmllogback-spring.xmllogback-spring.xmllogback-spring.xmllogback-spring.xmllogback-spring.xmllogback-spring.xmllogback-spring.xmllogback-spring.xmllogback-spring.xmllogback-spring.xmllogback-spring.xmllogback-spring.xmllogback-spring.xmllogback-spring.xmllogback-spring.xmllogback-spring.xmllogback-spring.xmllogback-spring.xmllogback-spring.xmllogback-spring.xmllogback-spring.xmllogback-spring.xmllogback-spring.xmllogback-spring.xmllogback-spring.xmllogback-spring.xmllogback-spring.xmllogback-spring.xmllogback-spring.xmllogback-spring.xmllogback-spring.xmllogback-spring.xmllogback-spring.xmllogback-spring.xmllogback-spring.xmllogback-spring.xmllogback-spring.xmllogback-spring.xmllogback-spring.xmllogback-spring.xmllogback-spring.xmllogback-spring.xmllogback-spring.xmllogback-spring.xmllogback-spring.xmllogback-spring.xmllogback-spring.xmllogback-spring.xmllogback-spring.xmllogback-spring.xmllogback-spring.xmllogback-spring.xmllogback-spring.xmllogback-spring.xmllogback-spring.xmllogback-spring.xmllogback-spring.xmllogback-spring.xmllogback-spring.xmllogback-spring.xmllogback-spring.xmllogback-spring.xmllogback-spring.xmllogback-spring.xmllogback-spring.xmllogback-spring.xmllogback-spring.xmllogback-spring.xmllogback-spring.xmllogback-spring.xmllogback-spring.xmllogback-spring.xmllogback-spring.xmllogback-spring.xmllogback-spring.xmllogback-spring.xmllogback-spring.xmllogback-spring.xmllogback-spring.xmllogback-spring.xmllogback-spring.xmllogback-spring.xmllogback-spring.xmllogback-spring.xmllogback-spring.xmllogback-spring.xmllogback-spring.xmllogback-spring.xmllogback-spring.xmllogback-spring.xmllogback-spring.xmllogback-spring.xmllogback-spring.xmllogback-spring.xmllogback-spring.xmllogback-spring.xmllogback-spring.xmllogback-spring.xmllogback-spring.xmllogback-spring.xmllogback-spring.xmllogback-spring.xmllogback-spring.xmllogback-spring.xmllogback-spring.xmllogback-spring.xmllogback-spring.xmllogback-spring.xmllogback-spring.xmllogback-spring.xmllogback-spring.xmllogback-spring.xmllogback-spring.xmllogback-spring.xmllogback-spring.xmllogback-spring.xmllogback-spring.xmllogback-spring.xmllogback-spring.xmllogback-spring.xmllogback-spring.xmllogback-spring.xmllogback-spring.xmllogback-spring.xmllogback-spring.xmllogback-spring.xmllogback-spring.xmllogback-spring.xmllogback-spring.xmllogback-spring.xmllogback-spring.xmllogback-spring.xmllogback-spring.xmllogback-spring.xmllogback-spring.xmllogback-spring.xmllogback-spring.xmllogback-spring.xmllogback-spring.xmllogback-spring.xmllogback-spring.xmllogback-spring.xmllogback-spring.xmllogback-spring.xmllogback-spring.xmllogback-spring.xmllogback-spring.xmllogback-spring.xmllogback-spring.xmllogback-spring.xmllogback-spring.xmllogback-spring.xmllogback-spring.xmllogback-spring.xmllogback-spring.xmllogback-spring.xmllogback-spring.xmllogback-spring.xmllogback-spring.xmllogback-spring.xmllogback-spring.xmllogback-spring.xmlorg.springframework.batch.item.file.FlatFileParseException: Parsing error at line: 1 in resource=[class path resource [sample-data.csv]], input=[1234527/12/198527/12/19858]
	at org.springframework.batch.item.file.FlatFileItemReader.doRead(FlatFileItemReader.java:183)
	at org.springframework.batch.item.support.AbstractItemCountingItemStreamItemReader.read(AbstractItemCountingItemStreamItemReader.java:88)
	at org.springframework.batch.core.step.item.SimpleChunkProvider.doRead(SimpleChunkProvider.java:91)
	at org.springframework.batch.core.step.item.SimpleChunkProvider.read(SimpleChunkProvider.java:157)
	at org.springframework.batch.core.step.item.SimpleChunkProvider$1.doInIteration(SimpleChunkProvider.java:116)
	at org.springframework.batch.repeat.support.RepeatTemplate.getNextResult(RepeatTemplate.java:374)
	at org.springframework.batch.repeat.support.RepeatTemplate.executeInternal(RepeatTemplate.java:215)
	at org.springframework.batch.repeat.support.RepeatTemplate.iterate(RepeatTemplate.java:144)
	at org.springframework.batch.core.step.item.SimpleChunkProvider.provide(SimpleChunkProvider.java:110)
	at org.springframework.batch.core.step.item.ChunkOrientedTasklet.execute(ChunkOrientedTasklet.java:69)
	at org.springframework.batch.core.step.tasklet.TaskletStep$ChunkTransactionCallback.doInTransaction(TaskletStep.java:406)
	at org.springframework.batch.core.step.tasklet.TaskletStep$ChunkTransactionCallback.doInTransaction(TaskletStep.java:330)
	at org.springframework.transaction.support.TransactionTemplate.execute(TransactionTemplate.java:133)
	at org.springframework.batch.core.step.tasklet.TaskletStep$2.doInChunkContext(TaskletStep.java:271)
	at org.springframework.batch.core.scope.context.StepContextRepeatCallback.doInIteration(StepContextRepeatCallback.java:81)
	at org.springframework.batch.repeat.support.RepeatTemplate.getNextResult(RepeatTemplate.java:374)
	at org.springframework.batch.repeat.support.RepeatTemplate.executeInternal(RepeatTemplate.java:215)
	at org.springframework.batch.repeat.support.RepeatTemplate.iterate(RepeatTemplate.java:144)
	at org.springframework.batch.core.step.tasklet.TaskletStep.doExecute(TaskletStep.java:257)
	at org.springframework.batch.core.step.AbstractStep.execute(AbstractStep.java:200)
	at org.springframework.batch.core.job.SimpleStepHandler.handleStep(SimpleStepHandler.java:148)
	at org.springframework.batch.core.job.flow.JobFlowExecutor.executeStep(JobFlowExecutor.java:64)
	at org.springframework.batch.core.job.flow.support.state.StepState.handle(StepState.java:67)
	at org.springframework.batch.core.job.flow.support.SimpleFlow.resume(SimpleFlow.java:169)
	at org.springframework.batch.core.job.flow.support.SimpleFlow.start(SimpleFlow.java:144)
	at org.springframework.batch.core.job.flow.FlowJob.doExecute(FlowJob.java:134)
	at org.springframework.batch.core.job.AbstractJob.execute(AbstractJob.java:306)
	at org.springframework.batch.core.launch.support.SimpleJobLauncher$1.run(SimpleJobLauncher.java:135)
	at org.springframework.core.task.SyncTaskExecutor.execute(SyncTaskExecutor.java:50)
	at org.springframework.batch.core.launch.support.SimpleJobLauncher.run(SimpleJobLauncher.java:128)
	at sun.reflect.NativeMethodAccessorImpl.invoke0(Native Method)
	at sun.reflect.NativeMethodAccessorImpl.invoke(Unknown Source)
	at sun.reflect.DelegatingMethodAccessorImpl.invoke(Unknown Source)
	at java.lang.reflect.Method.invoke(Unknown Source)
	at org.springframework.aop.support.AopUtils.invokeJoinpointUsingReflection(AopUtils.java:333)
	at org.springframework.aop.framework.ReflectiveMethodInvocation.invokeJoinpoint(ReflectiveMethodInvocation.java:190)
	at org.springframework.aop.framework.ReflectiveMethodInvocation.proceed(ReflectiveMethodInvocation.java:157)
	at org.springframework.batch.core.configuration.annotation.SimpleBatchConfiguration$PassthruAdvice.invoke(SimpleBatchConfiguration.java:127)
	at org.springframework.aop.framework.ReflectiveMethodInvocation.proceed(ReflectiveMethodInvocation.java:179)
	at org.springframework.aop.framework.JdkDynamicAopProxy.invoke(JdkDynamicAopProxy.java:213)
	at com.sun.proxy.$Proxy47.run(Unknown Source)
	at org.springframework.boot.autoconfigure.batch.JobLauncherCommandLineRunner.execute(JobLauncherCommandLineRunner.java:214)
	at org.springframework.boot.autoconfigure.batch.JobLauncherCommandLineRunner.executeLocalJobs(JobLauncherCommandLineRunner.java:231)
	at org.springframework.boot.autoconfigure.batch.JobLauncherCommandLineRunner.launchJobFromProperties(JobLauncherCommandLineRunner.java:123)
	at org.springframework.boot.autoconfigure.batch.JobLauncherCommandLineRunner.run(JobLauncherCommandLineRunner.java:117)
	at org.springframework.boot.SpringApplication.callRunner(SpringApplication.java:776)
	at org.springframework.boot.SpringApplication.callRunners(SpringApplication.java:760)
	at org.springframework.boot.SpringApplication.afterRefresh(SpringApplication.java:747)
	at org.springframework.boot.SpringApplication.run(SpringApplication.java:315)
	at org.springframework.boot.SpringApplication.run(SpringApplication.java:1162)
	at org.springframework.boot.SpringApplication.run(SpringApplication.java:1151)
	at com.dbs.cst.ircp.Application.main(Application.java:10)
Caused by: org.springframework.batch.item.file.transform.IncorrectLineLengthException: Line is shorter than max range 144
	at org.springframework.batch.item.file.transform.FixedLengthTokenizer.doTokenize(FixedLengthTokenizer.java:109)
	at org.springframework.batch.item.file.transform.AbstractLineTokenizer.tokenize(AbstractLineTokenizer.java:112)
	at org.springframework.batch.item.file.mapping.DefaultLineMapper.mapLine(DefaultLineMapper.java:43)
	at org.springframework.batch.item.file.FlatFileItemReader.doRead(FlatFileItemReader.java:180)
	... 51 common frames omitted
logback-spring.xmllogback-spring.xmllogback-spring.xmllogback-spring.xmllogback-spring.xmllogback-spring.xmllogback-spring.xmllogback-spring.xmllogback-spring.xmllogback-spring.xmllogback-spring.xmllogback-spring.xmllogback-spring.xmllogback-spring.xmllogback-spring.xmllogback-spring.xmllogback-spring.xmllogback-spring.xmllogback-spring.xmllogback-spring.xmllogback-spring.xmllogback-spring.xmllogback-spring.xmllogback-spring.xmllogback-spring.xmllogback-spring.xmllogback-spring.xmlorg.springframework.batch.item.file.FlatFileParseException: Parsing error at line: 1 in resource=[class path resource [sample-data.csv]], input=[0IRAS20170411]
	at org.springframework.batch.item.file.FlatFileItemReader.doRead(FlatFileItemReader.java:183)
	at org.springframework.batch.item.support.AbstractItemCountingItemStreamItemReader.read(AbstractItemCountingItemStreamItemReader.java:88)
	at org.springframework.batch.core.step.item.SimpleChunkProvider.doRead(SimpleChunkProvider.java:91)
	at org.springframework.batch.core.step.item.SimpleChunkProvider.read(SimpleChunkProvider.java:157)
	at org.springframework.batch.core.step.item.SimpleChunkProvider$1.doInIteration(SimpleChunkProvider.java:116)
	at org.springframework.batch.repeat.support.RepeatTemplate.getNextResult(RepeatTemplate.java:374)
	at org.springframework.batch.repeat.support.RepeatTemplate.executeInternal(RepeatTemplate.java:215)
	at org.springframework.batch.repeat.support.RepeatTemplate.iterate(RepeatTemplate.java:144)
	at org.springframework.batch.core.step.item.SimpleChunkProvider.provide(SimpleChunkProvider.java:110)
	at org.springframework.batch.core.step.item.ChunkOrientedTasklet.execute(ChunkOrientedTasklet.java:69)
	at org.springframework.batch.core.step.tasklet.TaskletStep$ChunkTransactionCallback.doInTransaction(TaskletStep.java:406)
	at org.springframework.batch.core.step.tasklet.TaskletStep$ChunkTransactionCallback.doInTransaction(TaskletStep.java:330)
	at org.springframework.transaction.support.TransactionTemplate.execute(TransactionTemplate.java:133)
	at org.springframework.batch.core.step.tasklet.TaskletStep$2.doInChunkContext(TaskletStep.java:271)
	at org.springframework.batch.core.scope.context.StepContextRepeatCallback.doInIteration(StepContextRepeatCallback.java:81)
	at org.springframework.batch.repeat.support.RepeatTemplate.getNextResult(RepeatTemplate.java:374)
	at org.springframework.batch.repeat.support.RepeatTemplate.executeInternal(RepeatTemplate.java:215)
	at org.springframework.batch.repeat.support.RepeatTemplate.iterate(RepeatTemplate.java:144)
	at org.springframework.batch.core.step.tasklet.TaskletStep.doExecute(TaskletStep.java:257)
	at org.springframework.batch.core.step.AbstractStep.execute(AbstractStep.java:200)
	at org.springframework.batch.core.job.SimpleStepHandler.handleStep(SimpleStepHandler.java:148)
	at org.springframework.batch.core.job.flow.JobFlowExecutor.executeStep(JobFlowExecutor.java:64)
	at org.springframework.batch.core.job.flow.support.state.StepState.handle(StepState.java:67)
	at org.springframework.batch.core.job.flow.support.SimpleFlow.resume(SimpleFlow.java:169)
	at org.springframework.batch.core.job.flow.support.SimpleFlow.start(SimpleFlow.java:144)
	at org.springframework.batch.core.job.flow.FlowJob.doExecute(FlowJob.java:134)
	at org.springframework.batch.core.job.AbstractJob.execute(AbstractJob.java:306)
	at org.springframework.batch.core.launch.support.SimpleJobLauncher$1.run(SimpleJobLauncher.java:135)
	at org.springframework.core.task.SyncTaskExecutor.execute(SyncTaskExecutor.java:50)
	at org.springframework.batch.core.launch.support.SimpleJobLauncher.run(SimpleJobLauncher.java:128)
	at sun.reflect.NativeMethodAccessorImpl.invoke0(Native Method)
	at sun.reflect.NativeMethodAccessorImpl.invoke(Unknown Source)
	at sun.reflect.DelegatingMethodAccessorImpl.invoke(Unknown Source)
	at java.lang.reflect.Method.invoke(Unknown Source)
	at org.springframework.aop.support.AopUtils.invokeJoinpointUsingReflection(AopUtils.java:333)
	at org.springframework.aop.framework.ReflectiveMethodInvocation.invokeJoinpoint(ReflectiveMethodInvocation.java:190)
	at org.springframework.aop.framework.ReflectiveMethodInvocation.proceed(ReflectiveMethodInvocation.java:157)
	at org.springframework.batch.core.configuration.annotation.SimpleBatchConfiguration$PassthruAdvice.invoke(SimpleBatchConfiguration.java:127)
	at org.springframework.aop.framework.ReflectiveMethodInvocation.proceed(ReflectiveMethodInvocation.java:179)
	at org.springframework.aop.framework.JdkDynamicAopProxy.invoke(JdkDynamicAopProxy.java:213)
	at com.sun.proxy.$Proxy47.run(Unknown Source)
	at org.springframework.boot.autoconfigure.batch.JobLauncherCommandLineRunner.execute(JobLauncherCommandLineRunner.java:214)
	at org.springframework.boot.autoconfigure.batch.JobLauncherCommandLineRunner.executeLocalJobs(JobLauncherCommandLineRunner.java:231)
	at org.springframework.boot.autoconfigure.batch.JobLauncherCommandLineRunner.launchJobFromProperties(JobLauncherCommandLineRunner.java:123)
	at org.springframework.boot.autoconfigure.batch.JobLauncherCommandLineRunner.run(JobLauncherCommandLineRunner.java:117)
	at org.springframework.boot.SpringApplication.callRunner(SpringApplication.java:776)
	at org.springframework.boot.SpringApplication.callRunners(SpringApplication.java:760)
	at org.springframework.boot.SpringApplication.afterRefresh(SpringApplication.java:747)
	at org.springframework.boot.SpringApplication.run(SpringApplication.java:315)
	at org.springframework.boot.SpringApplication.run(SpringApplication.java:1162)
	at org.springframework.boot.SpringApplication.run(SpringApplication.java:1151)
	at com.dbs.cst.ircp.Application.main(Application.java:10)
Caused by: org.springframework.batch.item.file.transform.IncorrectLineLengthException: Line is shorter than max range 144
	at org.springframework.batch.item.file.transform.FixedLengthTokenizer.doTokenize(FixedLengthTokenizer.java:109)
	at org.springframework.batch.item.file.transform.AbstractLineTokenizer.tokenize(AbstractLineTokenizer.java:112)
	at org.springframework.batch.item.file.mapping.DefaultLineMapper.mapLine(DefaultLineMapper.java:43)
	at org.springframework.batch.item.file.FlatFileItemReader.doRead(FlatFileItemReader.java:180)
	... 51 common frames omitted
logback-spring.xmllogback-spring.xmllogback-spring.xmllogback-spring.xmllogback-spring.xmllogback-spring.xmllogback-spring.xmllogback-spring.xmllogback-spring.xmllogback-spring.xmllogback-spring.xmllogback-spring.xmllogback-spring.xmllogback-spring.xmllogback-spring.xmllogback-spring.xmllogback-spring.xmllogback-spring.xmllogback-spring.xmllogback-spring.xmllogback-spring.xmllogback-spring.xmllogback-spring.xmllogback-spring.xmllogback-spring.xmllogback-spring.xmllogback-spring.xmlorg.springframework.batch.item.file.FlatFileParseException: Parsing error at line: 1 in resource=[class path resource [sample-data.csv]], input=[0IRAS20170411]
	at org.springframework.batch.item.file.FlatFileItemReader.doRead(FlatFileItemReader.java:183)
	at org.springframework.batch.item.support.AbstractItemCountingItemStreamItemReader.read(AbstractItemCountingItemStreamItemReader.java:88)
	at org.springframework.batch.core.step.item.SimpleChunkProvider.doRead(SimpleChunkProvider.java:91)
	at org.springframework.batch.core.step.item.SimpleChunkProvider.read(SimpleChunkProvider.java:157)
	at org.springframework.batch.core.step.item.SimpleChunkProvider$1.doInIteration(SimpleChunkProvider.java:116)
	at org.springframework.batch.repeat.support.RepeatTemplate.getNextResult(RepeatTemplate.java:374)
	at org.springframework.batch.repeat.support.RepeatTemplate.executeInternal(RepeatTemplate.java:215)
	at org.springframework.batch.repeat.support.RepeatTemplate.iterate(RepeatTemplate.java:144)
	at org.springframework.batch.core.step.item.SimpleChunkProvider.provide(SimpleChunkProvider.java:110)
	at org.springframework.batch.core.step.item.ChunkOrientedTasklet.execute(ChunkOrientedTasklet.java:69)
	at org.springframework.batch.core.step.tasklet.TaskletStep$ChunkTransactionCallback.doInTransaction(TaskletStep.java:406)
	at org.springframework.batch.core.step.tasklet.TaskletStep$ChunkTransactionCallback.doInTransaction(TaskletStep.java:330)
	at org.springframework.transaction.support.TransactionTemplate.execute(TransactionTemplate.java:133)
	at org.springframework.batch.core.step.tasklet.TaskletStep$2.doInChunkContext(TaskletStep.java:271)
	at org.springframework.batch.core.scope.context.StepContextRepeatCallback.doInIteration(StepContextRepeatCallback.java:81)
	at org.springframework.batch.repeat.support.RepeatTemplate.getNextResult(RepeatTemplate.java:374)
	at org.springframework.batch.repeat.support.RepeatTemplate.executeInternal(RepeatTemplate.java:215)
	at org.springframework.batch.repeat.support.RepeatTemplate.iterate(RepeatTemplate.java:144)
	at org.springframework.batch.core.step.tasklet.TaskletStep.doExecute(TaskletStep.java:257)
	at org.springframework.batch.core.step.AbstractStep.execute(AbstractStep.java:200)
	at org.springframework.batch.core.job.SimpleStepHandler.handleStep(SimpleStepHandler.java:148)
	at org.springframework.batch.core.job.flow.JobFlowExecutor.executeStep(JobFlowExecutor.java:64)
	at org.springframework.batch.core.job.flow.support.state.StepState.handle(StepState.java:67)
	at org.springframework.batch.core.job.flow.support.SimpleFlow.resume(SimpleFlow.java:169)
	at org.springframework.batch.core.job.flow.support.SimpleFlow.start(SimpleFlow.java:144)
	at org.springframework.batch.core.job.flow.FlowJob.doExecute(FlowJob.java:134)
	at org.springframework.batch.core.job.AbstractJob.execute(AbstractJob.java:306)
	at org.springframework.batch.core.launch.support.SimpleJobLauncher$1.run(SimpleJobLauncher.java:135)
	at org.springframework.core.task.SyncTaskExecutor.execute(SyncTaskExecutor.java:50)
	at org.springframework.batch.core.launch.support.SimpleJobLauncher.run(SimpleJobLauncher.java:128)
	at sun.reflect.NativeMethodAccessorImpl.invoke0(Native Method)
	at sun.reflect.NativeMethodAccessorImpl.invoke(Unknown Source)
	at sun.reflect.DelegatingMethodAccessorImpl.invoke(Unknown Source)
	at java.lang.reflect.Method.invoke(Unknown Source)
	at org.springframework.aop.support.AopUtils.invokeJoinpointUsingReflection(AopUtils.java:333)
	at org.springframework.aop.framework.ReflectiveMethodInvocation.invokeJoinpoint(ReflectiveMethodInvocation.java:190)
	at org.springframework.aop.framework.ReflectiveMethodInvocation.proceed(ReflectiveMethodInvocation.java:157)
	at org.springframework.batch.core.configuration.annotation.SimpleBatchConfiguration$PassthruAdvice.invoke(SimpleBatchConfiguration.java:127)
	at org.springframework.aop.framework.ReflectiveMethodInvocation.proceed(ReflectiveMethodInvocation.java:179)
	at org.springframework.aop.framework.JdkDynamicAopProxy.invoke(JdkDynamicAopProxy.java:213)
	at com.sun.proxy.$Proxy47.run(Unknown Source)
	at org.springframework.boot.autoconfigure.batch.JobLauncherCommandLineRunner.execute(JobLauncherCommandLineRunner.java:214)
	at org.springframework.boot.autoconfigure.batch.JobLauncherCommandLineRunner.executeLocalJobs(JobLauncherCommandLineRunner.java:231)
	at org.springframework.boot.autoconfigure.batch.JobLauncherCommandLineRunner.launchJobFromProperties(JobLauncherCommandLineRunner.java:123)
	at org.springframework.boot.autoconfigure.batch.JobLauncherCommandLineRunner.run(JobLauncherCommandLineRunner.java:117)
	at org.springframework.boot.SpringApplication.callRunner(SpringApplication.java:776)
	at org.springframework.boot.SpringApplication.callRunners(SpringApplication.java:760)
	at org.springframework.boot.SpringApplication.afterRefresh(SpringApplication.java:747)
	at org.springframework.boot.SpringApplication.run(SpringApplication.java:315)
	at org.springframework.boot.SpringApplication.run(SpringApplication.java:1162)
	at org.springframework.boot.SpringApplication.run(SpringApplication.java:1151)
	at com.dbs.cst.ircp.Application.main(Application.java:10)
Caused by: org.springframework.batch.item.file.transform.IncorrectLineLengthException: Line is shorter than max range 144
	at org.springframework.batch.item.file.transform.FixedLengthTokenizer.doTokenize(FixedLengthTokenizer.java:109)
	at org.springframework.batch.item.file.transform.AbstractLineTokenizer.tokenize(AbstractLineTokenizer.java:112)
	at org.springframework.batch.item.file.mapping.DefaultLineMapper.mapLine(DefaultLineMapper.java:43)
	at org.springframework.batch.item.file.FlatFileItemReader.doRead(FlatFileItemReader.java:180)
	... 51 common frames omitted
logback-spring.xmllogback-spring.xmllogback-spring.xmllogback-spring.xmllogback-spring.xmllogback-spring.xmllogback-spring.xmllogback-spring.xmllogback-spring.xmllogback-spring.xmllogback-spring.xmllogback-spring.xmllogback-spring.xmllogback-spring.xmllogback-spring.xmllogback-spring.xmllogback-spring.xmllogback-spring.xmllogback-spring.xmllogback-spring.xmllogback-spring.xmllogback-spring.xmllogback-spring.xmllogback-spring.xmllogback-spring.xmllogback-spring.xmllogback-spring.xmlorg.springframework.batch.item.file.FlatFileParseException: Parsing error at line: 1 in resource=[class path resource [ABC.CSV]], input=[0IRAS20170411]
	at org.springframework.batch.item.file.FlatFileItemReader.doRead(FlatFileItemReader.java:183)
	at org.springframework.batch.item.support.AbstractItemCountingItemStreamItemReader.read(AbstractItemCountingItemStreamItemReader.java:88)
	at org.springframework.batch.core.step.item.SimpleChunkProvider.doRead(SimpleChunkProvider.java:91)
	at org.springframework.batch.core.step.item.SimpleChunkProvider.read(SimpleChunkProvider.java:157)
	at org.springframework.batch.core.step.item.SimpleChunkProvider$1.doInIteration(SimpleChunkProvider.java:116)
	at org.springframework.batch.repeat.support.RepeatTemplate.getNextResult(RepeatTemplate.java:374)
	at org.springframework.batch.repeat.support.RepeatTemplate.executeInternal(RepeatTemplate.java:215)
	at org.springframework.batch.repeat.support.RepeatTemplate.iterate(RepeatTemplate.java:144)
	at org.springframework.batch.core.step.item.SimpleChunkProvider.provide(SimpleChunkProvider.java:110)
	at org.springframework.batch.core.step.item.ChunkOrientedTasklet.execute(ChunkOrientedTasklet.java:69)
	at org.springframework.batch.core.step.tasklet.TaskletStep$ChunkTransactionCallback.doInTransaction(TaskletStep.java:406)
	at org.springframework.batch.core.step.tasklet.TaskletStep$ChunkTransactionCallback.doInTransaction(TaskletStep.java:330)
	at org.springframework.transaction.support.TransactionTemplate.execute(TransactionTemplate.java:133)
	at org.springframework.batch.core.step.tasklet.TaskletStep$2.doInChunkContext(TaskletStep.java:271)
	at org.springframework.batch.core.scope.context.StepContextRepeatCallback.doInIteration(StepContextRepeatCallback.java:81)
	at org.springframework.batch.repeat.support.RepeatTemplate.getNextResult(RepeatTemplate.java:374)
	at org.springframework.batch.repeat.support.RepeatTemplate.executeInternal(RepeatTemplate.java:215)
	at org.springframework.batch.repeat.support.RepeatTemplate.iterate(RepeatTemplate.java:144)
	at org.springframework.batch.core.step.tasklet.TaskletStep.doExecute(TaskletStep.java:257)
	at org.springframework.batch.core.step.AbstractStep.execute(AbstractStep.java:200)
	at org.springframework.batch.core.job.SimpleStepHandler.handleStep(SimpleStepHandler.java:148)
	at org.springframework.batch.core.job.flow.JobFlowExecutor.executeStep(JobFlowExecutor.java:64)
	at org.springframework.batch.core.job.flow.support.state.StepState.handle(StepState.java:67)
	at org.springframework.batch.core.job.flow.support.SimpleFlow.resume(SimpleFlow.java:169)
	at org.springframework.batch.core.job.flow.support.SimpleFlow.start(SimpleFlow.java:144)
	at org.springframework.batch.core.job.flow.FlowJob.doExecute(FlowJob.java:134)
	at org.springframework.batch.core.job.AbstractJob.execute(AbstractJob.java:306)
	at org.springframework.batch.core.launch.support.SimpleJobLauncher$1.run(SimpleJobLauncher.java:135)
	at org.springframework.core.task.SyncTaskExecutor.execute(SyncTaskExecutor.java:50)
	at org.springframework.batch.core.launch.support.SimpleJobLauncher.run(SimpleJobLauncher.java:128)
	at sun.reflect.NativeMethodAccessorImpl.invoke0(Native Method)
	at sun.reflect.NativeMethodAccessorImpl.invoke(Unknown Source)
	at sun.reflect.DelegatingMethodAccessorImpl.invoke(Unknown Source)
	at java.lang.reflect.Method.invoke(Unknown Source)
	at org.springframework.aop.support.AopUtils.invokeJoinpointUsingReflection(AopUtils.java:333)
	at org.springframework.aop.framework.ReflectiveMethodInvocation.invokeJoinpoint(ReflectiveMethodInvocation.java:190)
	at org.springframework.aop.framework.ReflectiveMethodInvocation.proceed(ReflectiveMethodInvocation.java:157)
	at org.springframework.batch.core.configuration.annotation.SimpleBatchConfiguration$PassthruAdvice.invoke(SimpleBatchConfiguration.java:127)
	at org.springframework.aop.framework.ReflectiveMethodInvocation.proceed(ReflectiveMethodInvocation.java:179)
	at org.springframework.aop.framework.JdkDynamicAopProxy.invoke(JdkDynamicAopProxy.java:213)
	at com.sun.proxy.$Proxy47.run(Unknown Source)
	at org.springframework.boot.autoconfigure.batch.JobLauncherCommandLineRunner.execute(JobLauncherCommandLineRunner.java:214)
	at org.springframework.boot.autoconfigure.batch.JobLauncherCommandLineRunner.executeLocalJobs(JobLauncherCommandLineRunner.java:231)
	at org.springframework.boot.autoconfigure.batch.JobLauncherCommandLineRunner.launchJobFromProperties(JobLauncherCommandLineRunner.java:123)
	at org.springframework.boot.autoconfigure.batch.JobLauncherCommandLineRunner.run(JobLauncherCommandLineRunner.java:117)
	at org.springframework.boot.SpringApplication.callRunner(SpringApplication.java:776)
	at org.springframework.boot.SpringApplication.callRunners(SpringApplication.java:760)
	at org.springframework.boot.SpringApplication.afterRefresh(SpringApplication.java:747)
	at org.springframework.boot.SpringApplication.run(SpringApplication.java:315)
	at org.springframework.boot.SpringApplication.run(SpringApplication.java:1162)
	at org.springframework.boot.SpringApplication.run(SpringApplication.java:1151)
	at com.dbs.cst.ircp.Application.main(Application.java:10)
Caused by: org.springframework.batch.item.file.transform.IncorrectLineLengthException: Line is shorter than max range 144
	at org.springframework.batch.item.file.transform.FixedLengthTokenizer.doTokenize(FixedLengthTokenizer.java:109)
	at org.springframework.batch.item.file.transform.AbstractLineTokenizer.tokenize(AbstractLineTokenizer.java:112)
	at org.springframework.batch.item.file.mapping.DefaultLineMapper.mapLine(DefaultLineMapper.java:43)
	at org.springframework.batch.item.file.FlatFileItemReader.doRead(FlatFileItemReader.java:180)
	... 51 common frames omitted
logback-spring.xmllogback-spring.xmllogback-spring.xmllogback-spring.xmllogback-spring.xmllogback-spring.xmllogback-spring.xmllogback-spring.xmllogback-spring.xmllogback-spring.xmllogback-spring.xmllogback-spring.xmllogback-spring.xmllogback-spring.xmllogback-spring.xmllogback-spring.xmllogback-spring.xmllogback-spring.xmllogback-spring.xmllogback-spring.xmllogback-spring.xmlorg.springframework.batch.item.file.FlatFileParseException: Parsing error at line: 1 in resource=[class path resource [ABC.CSV]], input=[1P10910178       201528646101TEST NAME XXXXXXXXX 001                                                                   00131500020170410]
	at org.springframework.batch.item.file.FlatFileItemReader.doRead(FlatFileItemReader.java:183)
	at org.springframework.batch.item.support.AbstractItemCountingItemStreamItemReader.read(AbstractItemCountingItemStreamItemReader.java:88)
	at org.springframework.batch.core.step.item.SimpleChunkProvider.doRead(SimpleChunkProvider.java:91)
	at org.springframework.batch.core.step.item.SimpleChunkProvider.read(SimpleChunkProvider.java:157)
	at org.springframework.batch.core.step.item.SimpleChunkProvider$1.doInIteration(SimpleChunkProvider.java:116)
	at org.springframework.batch.repeat.support.RepeatTemplate.getNextResult(RepeatTemplate.java:374)
	at org.springframework.batch.repeat.support.RepeatTemplate.executeInternal(RepeatTemplate.java:215)
	at org.springframework.batch.repeat.support.RepeatTemplate.iterate(RepeatTemplate.java:144)
	at org.springframework.batch.core.step.item.SimpleChunkProvider.provide(SimpleChunkProvider.java:110)
	at org.springframework.batch.core.step.item.ChunkOrientedTasklet.execute(ChunkOrientedTasklet.java:69)
	at org.springframework.batch.core.step.tasklet.TaskletStep$ChunkTransactionCallback.doInTransaction(TaskletStep.java:406)
	at org.springframework.batch.core.step.tasklet.TaskletStep$ChunkTransactionCallback.doInTransaction(TaskletStep.java:330)
	at org.springframework.transaction.support.TransactionTemplate.execute(TransactionTemplate.java:133)
	at org.springframework.batch.core.step.tasklet.TaskletStep$2.doInChunkContext(TaskletStep.java:271)
	at org.springframework.batch.core.scope.context.StepContextRepeatCallback.doInIteration(StepContextRepeatCallback.java:81)
	at org.springframework.batch.repeat.support.RepeatTemplate.getNextResult(RepeatTemplate.java:374)
	at org.springframework.batch.repeat.support.RepeatTemplate.executeInternal(RepeatTemplate.java:215)
	at org.springframework.batch.repeat.support.RepeatTemplate.iterate(RepeatTemplate.java:144)
	at org.springframework.batch.core.step.tasklet.TaskletStep.doExecute(TaskletStep.java:257)
	at org.springframework.batch.core.step.AbstractStep.execute(AbstractStep.java:200)
	at org.springframework.batch.core.job.SimpleStepHandler.handleStep(SimpleStepHandler.java:148)
	at org.springframework.batch.core.job.flow.JobFlowExecutor.executeStep(JobFlowExecutor.java:64)
	at org.springframework.batch.core.job.flow.support.state.StepState.handle(StepState.java:67)
	at org.springframework.batch.core.job.flow.support.SimpleFlow.resume(SimpleFlow.java:169)
	at org.springframework.batch.core.job.flow.support.SimpleFlow.start(SimpleFlow.java:144)
	at org.springframework.batch.core.job.flow.FlowJob.doExecute(FlowJob.java:134)
	at org.springframework.batch.core.job.AbstractJob.execute(AbstractJob.java:306)
	at org.springframework.batch.core.launch.support.SimpleJobLauncher$1.run(SimpleJobLauncher.java:135)
	at org.springframework.core.task.SyncTaskExecutor.execute(SyncTaskExecutor.java:50)
	at org.springframework.batch.core.launch.support.SimpleJobLauncher.run(SimpleJobLauncher.java:128)
	at sun.reflect.NativeMethodAccessorImpl.invoke0(Native Method)
	at sun.reflect.NativeMethodAccessorImpl.invoke(Unknown Source)
	at sun.reflect.DelegatingMethodAccessorImpl.invoke(Unknown Source)
	at java.lang.reflect.Method.invoke(Unknown Source)
	at org.springframework.aop.support.AopUtils.invokeJoinpointUsingReflection(AopUtils.java:333)
	at org.springframework.aop.framework.ReflectiveMethodInvocation.invokeJoinpoint(ReflectiveMethodInvocation.java:190)
	at org.springframework.aop.framework.ReflectiveMethodInvocation.proceed(ReflectiveMethodInvocation.java:157)
	at org.springframework.batch.core.configuration.annotation.SimpleBatchConfiguration$PassthruAdvice.invoke(SimpleBatchConfiguration.java:127)
	at org.springframework.aop.framework.ReflectiveMethodInvocation.proceed(ReflectiveMethodInvocation.java:179)
	at org.springframework.aop.framework.JdkDynamicAopProxy.invoke(JdkDynamicAopProxy.java:213)
	at com.sun.proxy.$Proxy47.run(Unknown Source)
	at org.springframework.boot.autoconfigure.batch.JobLauncherCommandLineRunner.execute(JobLauncherCommandLineRunner.java:214)
	at org.springframework.boot.autoconfigure.batch.JobLauncherCommandLineRunner.executeLocalJobs(JobLauncherCommandLineRunner.java:231)
	at org.springframework.boot.autoconfigure.batch.JobLauncherCommandLineRunner.launchJobFromProperties(JobLauncherCommandLineRunner.java:123)
	at org.springframework.boot.autoconfigure.batch.JobLauncherCommandLineRunner.run(JobLauncherCommandLineRunner.java:117)
	at org.springframework.boot.SpringApplication.callRunner(SpringApplication.java:776)
	at org.springframework.boot.SpringApplication.callRunners(SpringApplication.java:760)
	at org.springframework.boot.SpringApplication.afterRefresh(SpringApplication.java:747)
	at org.springframework.boot.SpringApplication.run(SpringApplication.java:315)
	at org.springframework.boot.SpringApplication.run(SpringApplication.java:1162)
	at org.springframework.boot.SpringApplication.run(SpringApplication.java:1151)
	at com.dbs.cst.ircp.Application.main(Application.java:10)
Caused by: org.springframework.batch.item.file.transform.IncorrectLineLengthException: Line is shorter than max range 144
	at org.springframework.batch.item.file.transform.FixedLengthTokenizer.doTokenize(FixedLengthTokenizer.java:109)
	at org.springframework.batch.item.file.transform.AbstractLineTokenizer.tokenize(AbstractLineTokenizer.java:112)
	at org.springframework.batch.item.file.mapping.DefaultLineMapper.mapLine(DefaultLineMapper.java:43)
	at org.springframework.batch.item.file.FlatFileItemReader.doRead(FlatFileItemReader.java:180)
	... 51 common frames omitted
logback-spring.xmllogback-spring.xmllogback-spring.xmllogback-spring.xmllogback-spring.xmllogback-spring.xmllogback-spring.xmllogback-spring.xmllogback-spring.xmllogback-spring.xmllogback-spring.xmllogback-spring.xmllogback-spring.xmllogback-spring.xmllogback-spring.xmllogback-spring.xmllogback-spring.xmllogback-spring.xmllogback-spring.xmllogback-spring.xmllogback-spring.xmllogback-spring.xmllogback-spring.xmllogback-spring.xmllogback-spring.xmllogback-spring.xmllogback-spring.xmlorg.springframework.batch.item.file.FlatFileParseException: Parsing error at line: 2 in resource=[class path resource [ABC.CSV]], input=[1S7302969D       203322299101TEST NAME XXXXXXXXX 002                                                                   00147156620170410]
	at org.springframework.batch.item.file.FlatFileItemReader.doRead(FlatFileItemReader.java:183)
	at org.springframework.batch.item.support.AbstractItemCountingItemStreamItemReader.read(AbstractItemCountingItemStreamItemReader.java:88)
	at org.springframework.batch.core.step.item.SimpleChunkProvider.doRead(SimpleChunkProvider.java:91)
	at org.springframework.batch.core.step.item.SimpleChunkProvider.read(SimpleChunkProvider.java:157)
	at org.springframework.batch.core.step.item.SimpleChunkProvider$1.doInIteration(SimpleChunkProvider.java:116)
	at org.springframework.batch.repeat.support.RepeatTemplate.getNextResult(RepeatTemplate.java:374)
	at org.springframework.batch.repeat.support.RepeatTemplate.executeInternal(RepeatTemplate.java:215)
	at org.springframework.batch.repeat.support.RepeatTemplate.iterate(RepeatTemplate.java:144)
	at org.springframework.batch.core.step.item.SimpleChunkProvider.provide(SimpleChunkProvider.java:110)
	at org.springframework.batch.core.step.item.ChunkOrientedTasklet.execute(ChunkOrientedTasklet.java:69)
	at org.springframework.batch.core.step.tasklet.TaskletStep$ChunkTransactionCallback.doInTransaction(TaskletStep.java:406)
	at org.springframework.batch.core.step.tasklet.TaskletStep$ChunkTransactionCallback.doInTransaction(TaskletStep.java:330)
	at org.springframework.transaction.support.TransactionTemplate.execute(TransactionTemplate.java:133)
	at org.springframework.batch.core.step.tasklet.TaskletStep$2.doInChunkContext(TaskletStep.java:271)
	at org.springframework.batch.core.scope.context.StepContextRepeatCallback.doInIteration(StepContextRepeatCallback.java:81)
	at org.springframework.batch.repeat.support.RepeatTemplate.getNextResult(RepeatTemplate.java:374)
	at org.springframework.batch.repeat.support.RepeatTemplate.executeInternal(RepeatTemplate.java:215)
	at org.springframework.batch.repeat.support.RepeatTemplate.iterate(RepeatTemplate.java:144)
	at org.springframework.batch.core.step.tasklet.TaskletStep.doExecute(TaskletStep.java:257)
	at org.springframework.batch.core.step.AbstractStep.execute(AbstractStep.java:200)
	at org.springframework.batch.core.job.SimpleStepHandler.handleStep(SimpleStepHandler.java:148)
	at org.springframework.batch.core.job.flow.JobFlowExecutor.executeStep(JobFlowExecutor.java:64)
	at org.springframework.batch.core.job.flow.support.state.StepState.handle(StepState.java:67)
	at org.springframework.batch.core.job.flow.support.SimpleFlow.resume(SimpleFlow.java:169)
	at org.springframework.batch.core.job.flow.support.SimpleFlow.start(SimpleFlow.java:144)
	at org.springframework.batch.core.job.flow.FlowJob.doExecute(FlowJob.java:134)
	at org.springframework.batch.core.job.AbstractJob.execute(AbstractJob.java:306)
	at org.springframework.batch.core.launch.support.SimpleJobLauncher$1.run(SimpleJobLauncher.java:135)
	at org.springframework.core.task.SyncTaskExecutor.execute(SyncTaskExecutor.java:50)
	at org.springframework.batch.core.launch.support.SimpleJobLauncher.run(SimpleJobLauncher.java:128)
	at sun.reflect.NativeMethodAccessorImpl.invoke0(Native Method)
	at sun.reflect.NativeMethodAccessorImpl.invoke(Unknown Source)
	at sun.reflect.DelegatingMethodAccessorImpl.invoke(Unknown Source)
	at java.lang.reflect.Method.invoke(Unknown Source)
	at org.springframework.aop.support.AopUtils.invokeJoinpointUsingReflection(AopUtils.java:333)
	at org.springframework.aop.framework.ReflectiveMethodInvocation.invokeJoinpoint(ReflectiveMethodInvocation.java:190)
	at org.springframework.aop.framework.ReflectiveMethodInvocation.proceed(ReflectiveMethodInvocation.java:157)
	at org.springframework.batch.core.configuration.annotation.SimpleBatchConfiguration$PassthruAdvice.invoke(SimpleBatchConfiguration.java:127)
	at org.springframework.aop.framework.ReflectiveMethodInvocation.proceed(ReflectiveMethodInvocation.java:179)
	at org.springframework.aop.framework.JdkDynamicAopProxy.invoke(JdkDynamicAopProxy.java:213)
	at com.sun.proxy.$Proxy47.run(Unknown Source)
	at org.springframework.boot.autoconfigure.batch.JobLauncherCommandLineRunner.execute(JobLauncherCommandLineRunner.java:214)
	at org.springframework.boot.autoconfigure.batch.JobLauncherCommandLineRunner.executeLocalJobs(JobLauncherCommandLineRunner.java:231)
	at org.springframework.boot.autoconfigure.batch.JobLauncherCommandLineRunner.launchJobFromProperties(JobLauncherCommandLineRunner.java:123)
	at org.springframework.boot.autoconfigure.batch.JobLauncherCommandLineRunner.run(JobLauncherCommandLineRunner.java:117)
	at org.springframework.boot.SpringApplication.callRunner(SpringApplication.java:776)
	at org.springframework.boot.SpringApplication.callRunners(SpringApplication.java:760)
	at org.springframework.boot.SpringApplication.afterRefresh(SpringApplication.java:747)
	at org.springframework.boot.SpringApplication.run(SpringApplication.java:315)
	at org.springframework.boot.SpringApplication.run(SpringApplication.java:1162)
	at org.springframework.boot.SpringApplication.run(SpringApplication.java:1151)
	at com.dbs.cst.ircp.Application.main(Application.java:10)
Caused by: org.springframework.batch.item.file.transform.IncorrectLineLengthException: Line is shorter than max range 144
	at org.springframework.batch.item.file.transform.FixedLengthTokenizer.doTokenize(FixedLengthTokenizer.java:109)
	at org.springframework.batch.item.file.transform.AbstractLineTokenizer.tokenize(AbstractLineTokenizer.java:112)
	at org.springframework.batch.item.file.mapping.DefaultLineMapper.mapLine(DefaultLineMapper.java:43)
	at org.springframework.batch.item.file.FlatFileItemReader.doRead(FlatFileItemReader.java:180)
	... 51 common frames omitted
logback-spring.xmllogback-spring.xmllogback-spring.xmllogback-spring.xmllogback-spring.xmllogback-spring.xmllogback-spring.xmllogback-spring.xml